2026-02-27 22:41:57,230 - __main__ - INFO - 用户提交查询: “分析一下梁亮最近记录健医融合课程的底层逻辑”
2026-02-27 22:41:57,237 - src.retrieval.retrieval - INFO - 开始检索笔记，查询: “分析一下梁亮最近记录健医融合课程的底层逻辑”
2026-02-27 22:41:57,238 - src.api.get_api - INFO - 开始搜索笔记，查询: “分析一下梁亮最近记录健医融合课程的底层逻辑”, top_k: 3
2026-02-27 22:42:23,722 - src.api.get_api - ERROR - 无法连接到API服务器
2026-02-27 22:42:23,725 - src.retrieval.retrieval - ERROR - 检索笔记时发生错误: 无法连接到API服务器，请检查网络连接
2026-02-27 22:42:23,735 - __main__ - ERROR - 处理过程中发生错误：检索笔记时发生错误: 无法连接到API服务器，请检查网络连接
2026-02-27 23:03:23,411 - __main__ - INFO - 用户提交查询: “分析一下梁亮最近记录健医融合课程的底层逻辑”
2026-02-27 23:03:23,417 - src.retrieval.retrieval - INFO - 开始检索笔记，查询: “分析一下梁亮最近记录健医融合课程的底层逻辑”
2026-02-27 23:03:23,419 - src.api.get_api - INFO - 开始搜索笔记，查询: “分析一下梁亮最近记录健医融合课程的底层逻辑”, top_k: 3
2026-02-27 23:03:26,684 - src.api.get_api - ERROR - API请求失败: 503 Server Error: Service Unavailable for url: https://api.biji.com/v1/knowledge_bases/qY2k9W60/search
2026-02-27 23:03:26,684 - src.retrieval.retrieval - ERROR - 检索笔记时发生错误: API请求失败: 503 Server Error: Service Unavailable for url: https://api.biji.com/v1/knowledge_bases/qY2k9W60/search
2026-02-27 23:03:26,687 - __main__ - ERROR - 处理过程中发生错误：检索笔记时发生错误: API请求失败: 503 Server Error: Service Unavailable for url: https://api.biji.com/v1/knowledge_bases/qY2k9W60/search
2026-02-27 23:41:22,869 - src.api.get_api - INFO - GetNoteAPI 初始化成功
2026-02-27 23:41:44,093 - src.api.get_api - INFO - GetNoteAPI 初始化成功
2026-02-27 23:41:44,400 - src.api.get_api - INFO - GetNoteAPI 初始化成功
2026-02-27 23:41:44,417 - __main__ - INFO - 用户提交查询: “分析一下梁亮最近记录健医融合课程的底层逻辑”


2026-02-27 23:41:44,420 - src.retrieval.retrieval - INFO - 开始检索笔记，查询: “分析一下梁亮最近记录健医融合课程的底层逻辑”


2026-02-27 23:41:44,421 - src.api.get_api - INFO - 开始搜索笔记，查询：“分析一下梁亮最近记录健医融合课程的底层逻辑”


2026-02-27 23:41:44,423 - src.api.get_api - INFO - 发送 POST 请求到：https://open-api.biji.com/getnote/openapi/knowledge/search
2026-02-27 23:42:17,191 - src.api.get_api - ERROR - 网络请求错误：HTTPSConnectionPool(host='open-api.biji.com', port=443): Read timed out. (read timeout=30)
2026-02-27 23:42:17,191 - src.retrieval.retrieval - ERROR - 检索笔记时发生错误: 检索笔记时发生错误：HTTPSConnectionPool(host='open-api.biji.com', port=443): Read timed out. (read timeout=30) 
2026-02-27 23:42:17,195 - __main__ - ERROR - 处理过程中发生错误：检索笔记时发生错误: 检索笔记时发生错误：HTTPSConnectionPool(host='open-api.biji.com', port=443): Read timed out. (read timeout=30) 
2026-02-27 23:58:34,507 - src.api.get_api - INFO - GetNoteAPI 初始化成功
2026-02-27 23:59:02,661 - src.api.get_api - INFO - GetNoteAPI 初始化成功
2026-02-27 23:59:02,972 - src.api.get_api - INFO - GetNoteAPI 初始化成功
2026-02-27 23:59:02,990 - __main__ - INFO - 用户提交查询: “分析一下梁亮最近记录健医融合课程的底层逻辑”
2026-02-27 23:59:02,994 - src.retrieval.retrieval - INFO - 开始检索笔记，查询: “分析一下梁亮最近记录健医融合课程的底层逻辑”
2026-02-27 23:59:02,995 - src.api.get_api - INFO - 开始搜索笔记，查询：“分析一下梁亮最近记录健医融合课程的底层逻辑”
2026-02-27 23:59:02,996 - src.api.get_api - INFO - 发送 POST 请求到：https://open-api.biji.com/getnote/openapi/knowledge/search
2026-02-28 00:00:03,756 - src.api.get_api - INFO - API 返回原始结果：{'h': {'c': 0, 'e': '', 's': 1772208004, 't': 59686, 'apm': '582593080028ee8'}, 'c': {'answers': '根据梁亮在“健医融合”课程中的笔记内容（-），其底层逻辑可归纳为以下四个核心维度，均围绕“科学化、系统化、人性化”的健康管理理念展开：\n\n---\n\n### 一、**核心理念：融合与统筹（科学性的根基）**  \n\n1. **健医融合的本质**  \n   - **科学主流化**：用医学主流方法（西医精准诊断+中医调理）发现问题，以最小成本、最小伤害的方式管理健康（）。  \n   - **四维融合**：  \n     - **道术融合**（理论结合实践）  \n     - **治调融合**（治疗与调理协同）  \n     - **中西融合**（整合中西医优势）  \n     - **查管融合**（检查与持续管理结合）（）。  \n\n2. **分层管理逻辑**  \n   - **标本兼治**：  \n     - 大病→以调辅治（调理辅助治疗）  \n     - 慢病→以调促治（调理推动治疗）  \n     - 亚健康→以调代治（调理替代药物）（）。  \n   - **治调养三结合**：  \n     - 治（兜底） + 调（助力） + 养（基石），形成健康管理闭环（）。  \n\n---\n\n### 二、**方法论框架：系统化流程（可落地的路径）**  \n\n1. **六步管理流程**  \n   - 痛点→需求→目标→计划→预期→共识管理（），强调过程管理（非结果导向）与陪伴式服务（非指令性）。  \n2. **五环实施路径**  \n   - **转观念**（认知升级）→ **找痛点**（精准评估）→ **定目标**（近/中/远期）→ **做计划**（六大处方）→ **抓执行**（监督反馈）（）。  \n3. **工具支撑**  \n   - **六大处方**：体检、治疗、调理、生活、教育、心理处方（）；  \n   - **四信归一法**：症状、指标、病史、习惯综合评估（）。  \n\n---\n\n### 三、**价值塑造：用户心智转化（信任与行动驱动）**  \n\n1. **沟通破冰三原则**  \n   - **说准**（精准评估，一招制胜）→ **说痛**（危机意识，半糖葫芦策略）→ **说信**（原理阐释，避免抬杠）（）。  \n2. **超预期价值交付**  \n   - 情绪价值（安心感）+ 实际价值（省时省钱）+ 长期价值（家庭健康获益）（）。  \n3. **身份重塑**  \n   - 健康顾问角色：从“卖产品”转向“统筹师”，通过结对子建立伙伴关系（）。  \n\n---\n\n### 四、**落地难点与破局点（可持续性保障）**  \n\n1. **认知冲突化解**  \n   - 破除误区（如“体检=健康管理”“指标正常=无风险”），强调临界值管理（）。  \n2. **执行保障机制**  \n   - **三师统筹**：医师+健康管理师+心理师协同（）；  \n   - **过程监督**：打卡制、押金制、亲友见证（）。  \n3. **行业痛点突破**  \n   - 避免“非左即右”（西医碎片化/中医玄学化），以主流科学建立公信力（）。  \n\n---\n\n### 总结：底层逻辑全景图  \n\n```mermaid\ngraph LR\nA[核心理念] --> B(健医融合-科学主流化)\nA --> C(分层管理-标本兼治)\nB --> D[四维融合]\nC --> E[治调养结合]\nF[方法论] --> G(六步流程)\nF --> H(五环路径)\nF --> I(六大处方)\nJ[价值塑造] --> K(沟通三原则)\nJ --> L(超预期交付)\nM[落地保障] --> N(认知纠偏)\nM --> O(三师统筹)\nM --> P(过程监督)\n```\n\n> 梁亮的记录始终围绕 **“用科学破除偏见，以融合实现共赢”** 的主线（），其底层逻辑本质是 **将健康管理从“疾病应对”升维至“生命质量优化”的系统工程**，通过标准化工具与个性化服务结合，解决行业信任危机与用户执行难题。', 'deep_seek': '嗯，用户要求分析梁亮最近记录的健医融合课程的底层逻辑。我需要根据提供的搜索结果来梳理这个课程的核心理念和方法论框架。\n\n浏览搜索结果后，发现这些笔记主要围绕"健医融合"这一概念展开。从和可以看出，健医融合的核心定义是"用科学主流的方式发现问题、分析问题、评估健康，用最小成本、最小伤害的方式管理健康"。这体现了几个关键点：科学性和主流性是其基础，最小伤害原则是其特色。\n\n在底层逻辑方面，提到了"道术融合、治调融合、中西融合、查管融合"四大融合方向。而则详细阐述了"标本兼治"的理念，针对不同健康状况采用不同策略：大病以调辅治、慢病以调促治、亚健康以调代治。这形成了分层次、有针对性的健康管理方法。\n\n从实施框架看，提出了六大管理要素：痛点管理、需求管理、目标管理、计划管理、预期管理和共识管理。同时强调健康管理应该是"过程而非结果"、"陪伴而非指教"。补充了"治调养结合"的理念：治是兜底，调是助力，养是基石。\n\n在方法论上，展示了"引导方法论TV-沟通逻辑"的结构化问答框架，通过"目标-好处-难点"的递进式提问引导用户思考。则提出了"四步换脑"的转化流程：明确目标→定责收心→价值塑造→方向体验，最终实现认知转变。\n\n价值塑造方面，列出了"精准"的十个维度，从精准问诊到精准回访，覆盖健康管理全流程。同时强调"超预期"价值，包括更多时间、更多收获、更多服务等七个方面。\n\n实施工具上，提供了详细的健康评估表格模板，包含健康情况汇总、整体分析评估、健康目标设定和六大处方等模块。则提到"五环流程"：转观念→找痛点→定目标→做计划→抓执行。\n\n最后，在沟通策略上，设计了"慢病患者破冰情景12问"，分开场、中场、终场三阶段问题引导用户。而强调沟通要避免"无引导无沟通"、"乱沟通"、"弱沟通"等误区。\n\n基于以上分析，我会从核心理念、方法论框架、价值体系和实施路径四个维度构建回答，突出健医融合课程的科学性、系统性和实践性特点。在格式上采用清晰的分段结构，每部分引用相关笔记内容作为支撑，并在关键概念处适当加粗强调。\n', 'no_recall': False}}
2026-02-28 00:00:03,759 - src.retrieval.retrieval - INFO - 检索完成，找到 0 个相关笔记
2026-02-28 00:00:03,782 - src.generation.generator - INFO - 开始生成回答，查询: “分析一下梁亮最近记录健医融合课程的底层逻辑”, 相关笔记数: 0
2026-02-28 00:00:03,783 - src.generation.generator - INFO - 未检索到相关笔记
2026-02-28 00:00:03,788 - __main__ - INFO - 查询处理完成，用时: 60.79 秒
2026-02-28 00:03:19,400 - src.api.get_api - INFO - GetNoteAPI 初始化成功
2026-02-28 00:03:19,733 - src.api.get_api - INFO - GetNoteAPI 初始化成功
2026-02-28 00:03:19,760 - __main__ - INFO - 用户提交查询: 健医融合课程的底层逻辑是什么”
2026-02-28 00:03:19,769 - src.retrieval.retrieval - INFO - 开始检索笔记，查询: 健医融合课程的底层逻辑是什么”
2026-02-28 00:03:19,769 - src.api.get_api - INFO - 开始搜索笔记，查询：健医融合课程的底层逻辑是什么”
2026-02-28 00:03:19,771 - src.api.get_api - INFO - 发送 POST 请求到：https://open-api.biji.com/getnote/openapi/knowledge/search
2026-02-28 00:04:20,217 - src.api.get_api - INFO - API 返回原始结果：{'h': {'c': 0, 'e': '', 's': 1772208260, 't': 58838, 'apm': '58259b100028ee8'}, 'c': {'answers': '基于知识库中关于“健医融合”课程的笔记内容，其底层逻辑可归纳为以下核心框架，结合科学管理思维和用户需求导向，形成系统性健康管理方案：\n\n---\n\n### 一、核心理念：**健医协同，标本兼治**  \n\n1. **健是核心，医为兜底**（）  \n   - **健**（主动管理）：通过生活习惯、营养、运动等预防性措施维护健康（占85%权重），目标是“少生病、活得好”。  \n   - **医**（保障干预）：仅在疾病发生时采用医疗手段（如药物、手术），作为最后防线（占15%）。  \n   - **融合模式**：治（医疗兜底）+调（辅助干预）+养（基础巩固）结合，形成闭环。\n\n2. **分级管理策略**（）  \n   - **小病**→应急管理（快速缓解）  \n   - **慢病**→风险管理（控制恶化）  \n   - **亚健康**→以调代治（改善体质）  \n   - **大病**→以调辅治（辅助治疗）  \n\n---\n\n### 二、方法论框架：**科学统筹与过程管理**  \n\n1. **四维融合**（）  \n   - **道术融合**：理论结合实践  \n   - **治调融合**：医疗与调理协同  \n   - **中西融合**：整合现代医学与传统方法  \n   - **查管融合**：检查结果直接联动管理方案  \n\n2. **六大处方体系**（）  \n   | 处方类型       | 功能定位                  |  \n   |----------------|--------------------------|  \n   | 体检处方       | 精准评估风险（如临界值监测）|  \n   | 治疗处方       | 医疗干预（药物/手术）     |  \n   | 调理处方       | 非药物干预（营养/自然疗法）|  \n   | 生活方式处方   | 习惯修正（生物钟/饮食/运动）|  \n   | 教育处方       | 认知升级（破除健康误区）  |  \n   | 心理处方       | 情绪管理与家庭关系调整    |  \n\n3. **动态管理闭环**（）  \n   **评估→制定→实施→监督→反馈→调整**，强调过程追踪而非单一结果。  \n\n---\n\n### 三、实践逻辑：**问题导向与价值塑造**  \n\n1. **精准问题定位**（）  \n   - 通过“症状+指标+病史+习惯”四信归一分析主次矛盾（如代谢问题占70%，症状占30%）。  \n   - 工具支持：健康自检表（）和健康解读表（）实现个性化评估。  \n\n2. **引导式双赢沟通**（）  \n   - **破冰四步**：换目标→换责任→换价值→换方向，建立客户信任。  \n   - **价值塑造**：以“五最抓手”（最低成本、最可持续等）和超预期服务（情绪价值+实际收益）增强黏性。  \n\n3. **破除行业误区**（）  \n   - 反对“非左即右”（只信西医或中医），主张多元统筹；  \n   - 拒绝“神药思维”，强调习惯为“主方”，药物为“本方”。  \n\n---\n\n### 四、终极目标：**自主健康管理生态**  \n\n- **个人层面**：实现“自觉、自检、自调、自管、自防”六合一能力（）。  \n- **社会层面**：通过家庭/社区联动（如“结对子健康合伙人”），降低医疗系统负担。  \n\n> 注：底层逻辑本质是**以科学管理替代经验主义**，通过系统化工具和融合思维，将健康责任从“被动治疗”转向“主动管理”。', 'deep_seek': '嗯，用户询问的是"健医融合课程的底层逻辑是什么"。这是一个关于健康管理课程核心理念的问题，需要从搜索结果中整理出健医融合的核心逻辑框架。\n\n首先查看搜索结果，发现有多条笔记详细记录了健医融合的核心概念。从中看到健医融合强调科学、主流、系统化的健康管理。提到健医融合是"用科学的主流的方式发现问题分析问题，评估健康，用健康的最小成本、最小伤害的方式管理健康"，并提出了"道术融合、治调融合、中西融合、查管融合"的理念。\n\n在中，健医融合被比喻为"管家服务"，核心目标是"不只是治病，而是让你少生病、活得好"。则明确指出"健是核心，医是兜底"的理念，即健康管理的核心是主动维护(占85%)，医疗手段仅作最后保障(占15%)，形成"治调养结合"的科学管理模式。\n\n关于具体实施方法，详细描述了"标本兼治"的分级管理策略：小病应急管理、慢病风险管理、健康质量管理，以及针对不同健康状况的"以调辅治"、"以调促治"、"以调代治"策略。和则补充了"统筹多元管理"的概念，包括统筹人(中西医师、营养师、心理师)、统筹地(医院、养生馆、家)、统筹手段(西医、中医、营养、运动等)。\n\n在操作流程上，提出了"过程计划管理"的闭环：评估-制定-实施-监督-反馈-评估-调整。则提到"五环流程"：转观念、找痛点、定目标、做计划、抓执行。\n\n对于价值实现，强调"引导式双赢"方法论，通过"四信归一—明主次"、"三因归症—浅种草"、"危机叠加—育信任"建立专业信任。则详细阐述了"超预期价值"体系，包括更多时间、更多收获、更多服务等七个维度。\n\n考虑将回答分为几个核心部分：核心理念部分突出"健是核心，医是兜底"和"治调养结合"；分级管理策略部分说明不同健康问题的应对方法；实施框架部分介绍"统筹多元"和"过程闭环"；价值实现部分强调科学沟通和超预期服务。会在回复时使用加粗标题和小标题来组织内容，并在每个观点后标注对应的引用编号，使结构清晰、依据充分。\n', 'no_recall': False}}
2026-02-28 00:04:20,221 - src.retrieval.retrieval - INFO - 检索完成，找到 0 个相关笔记
2026-02-28 00:04:20,230 - src.generation.generator - INFO - 开始生成回答，查询: 健医融合课程的底层逻辑是什么”, 相关笔记数: 0
2026-02-28 00:04:20,230 - src.generation.generator - INFO - 未检索到相关笔记
2026-02-28 00:04:20,234 - __main__ - INFO - 查询处理完成，用时: 60.46 秒
2026-02-28 11:51:30,905 - src.api.get_api - INFO - GetNoteAPI 初始化成功
2026-02-28 11:53:49,073 - src.api.get_api - INFO - GetNoteAPI 初始化成功
2026-02-28 11:53:49,342 - src.api.get_api - INFO - GetNoteAPI 初始化成功
2026-02-28 11:53:49,366 - __main__ - INFO - 用户提交查询: 六大处方是什么
2026-02-28 11:53:49,371 - src.retrieval.retrieval - INFO - 开始检索笔记，查询: 六大处方是什么
2026-02-28 11:53:49,373 - src.api.get_api - INFO - 开始搜索笔记，查询：六大处方是什么
2026-02-28 11:53:49,373 - src.api.get_api - INFO - 发送 POST 请求到：https://open-api.biji.com/getnote/openapi/knowledge/search
2026-02-28 11:54:32,903 - src.api.get_api - INFO - API 返回原始结果：{'h': {'c': 0, 'e': '', 's': 1772250872, 't': 40723, 'apm': '582acf4001c3e98'}, 'c': {'answers': '基于你的笔记知识库，六大处方是健康管理方法论中的核心工具，用于系统性解决健康问题。以下是具体内容及引用依据：\n\n---\n\n### **六大处方定义与作用**  \n\n1. **体检处方**  \n   - **作用**：通过精准检测发现潜在健康风险，相当于“健康拍X光”。  \n   - **案例**：年度血糖、血压筛查，或专项检查（如代谢三项、维生素水平）。  \n\n2. **治疗处方**  \n   - **作用**：针对已确诊疾病提供医学治疗，如药物干预，属于“治病兜底”。  \n   - **案例**：高血压患者服用降压药，糖尿病胰岛素治疗。  \n\n3. **调理处方**  \n   - **作用**：辅助身体恢复机能（如营养补充、中医调理），是“调养助力”。  \n   - **案例**：术后补充蛋白粉、益生菌调节肠胃。  \n\n4. **生活处方**  \n   - **作用**：改变不良生活习惯（核心处方），实现“日常维护”。  \n   - **关键**：涵盖饮食、运动、睡眠等，如“11点前睡觉、控糖控盐”。  \n\n5. **教育处方**  \n   - **作用**：普及健康知识，让用户理解“为什么这样做”，提升依从性。  \n   - **案例**：解释“高盐饮食导致高血压”的机制。  \n\n6. **心理处方**  \n   - **作用**：管理情绪压力（情绪问题可诱发疾病），提供“心理支持”。  \n   - **方法**：压力大时社交、散步，或专业心理咨询。  \n\n---\n\n### **关键逻辑与落地价值**  \n\n- **闭环设计**：六大处方需**统筹应用**（如“治调养结合”），避免单一干预。  \n- **用户价值**：将抽象健康管理转化为可执行动作，覆盖“从认知到行动”全流程。  \n- **避坑提示**：  \n  - 忌“只治不调”（埋隐患）或“只调不养”（效果空），需标本兼治。  \n  - 脱离生活习惯的处方难以持续，生活处方是基石。  \n\n> 注：部分笔记中“生适处方”为笔误，正确为“生活处方”；引用依据详见各笔记索引。', 'deep_seek': '嗯，用户询问"六大处方是什么"，这是一个直接的知识点查询问题。从知识库中可以看到，六大处方是健康管理领域的核心概念，在多个笔记中都有详细记载。\n\n我注意到用户之前已经存储了相当丰富的健康管理相关笔记，特别是、、、等文件都明确提到了六大处方的具体内容。其中笔记用最生活化的语言解释了每个处方的功能，比如把"体检处方"比喻为"拍X光"，这个比喻很生动，应该保留在回答中。\n\n在组织回答时，考虑采用分类说明的方式呈现六大处方会更清晰。每个处方需要包含三个要素：定义说明、实际作用、典型例子。比如"生活处方"在中强调"改习惯"，在中补充了"日常维护"的属性，在则提到这是"主方"，这些都需要整合。\n\n特别要注意和中对手写笔记的扫描件存在笔误，比如"生适处方"明显是"生活处方"的误写，需要自动修正。而文件提到六大处方是"健医融合"体系的关键工具，这个背景信息也应该在开头点明。\n\n对于引用标注，准备严格按照要求在每个处方说明后标注来源编号。比如解释"心理处方"时，既要引用的情绪调节案例，也要引用的"心理处方"原始定义，所以标注为比较合适。\n\n最后考虑补充一点应用场景，引用和说明六大处方如何形成健康管理闭环，这样能帮助用户理解知识点的实际价值。不过要控制信息量，避免偏离用户直接询问定义的核心需求。\n', 'no_recall': False}}
2026-02-28 11:54:32,908 - src.retrieval.retrieval - INFO - 检索完成，找到 0 个相关笔记
2026-02-28 11:54:32,910 - src.generation.generator - INFO - 开始生成回答，查询: 六大处方是什么, 相关笔记数: 0
2026-02-28 11:54:32,911 - src.generation.generator - INFO - 未检索到相关笔记
2026-02-28 11:54:32,916 - __main__ - INFO - 查询处理完成，用时: 43.54 秒
2026-02-28 11:58:22,768 - src.api.get_api - INFO - GetNoteAPI 初始化成功
2026-02-28 11:58:23,004 - src.api.get_api - INFO - GetNoteAPI 初始化成功
2026-02-28 11:58:23,023 - __main__ - INFO - 用户提交查询: “健康管理方法论怎么做？”
2026-02-28 11:58:23,026 - src.retrieval.retrieval - INFO - 开始检索笔记，查询: “健康管理方法论怎么做？”
2026-02-28 11:58:23,026 - src.api.get_api - INFO - 开始搜索笔记，查询：“健康管理方法论怎么做？”
2026-02-28 11:58:23,028 - src.api.get_api - INFO - 发送 POST 请求到：https://open-api.biji.com/getnote/openapi/knowledge/search
2026-02-28 11:59:33,204 - src.api.get_api - INFO - API 返回原始结果：{'h': {'c': 0, 'e': '', 's': 1772251172, 't': 69066, 'apm': '582ad7c00012f70'}, 'c': {'answers': '以下是基于用户笔记知识库中“健康管理方法论”核心内容的系统拆解，结合行业趋势与实践逻辑，分模块结构化呈现：\n\n---\n\n### 一、**核心理念与原则** \n\n1. **底层思维**  \n   - **用户健康价值闭环**：以用户健康结果为导向，构建“专业框架→价值传递→效果追踪”的闭环逻辑，跳出“只治疾病”惯性，转向全维度健康管理（科学、过程、陪伴）。  \n   - **健医融合**：打通健康与医疗边界，整合西医精准评估、中医调理、营养运动等多元手段，实现“最小成本、最小伤害”的健康管理。  \n\n2. **五大原则**  \n   - **科学而非伪科学**：拒绝小样本偏方，依托主流医学临界值体系与循证数据。  \n   - **健康而非疾病**：管理风险与生命质量，而非仅治病（如：临界指标干预防大病）。  \n   - **过程管理**：注重“评估-计划-实施-监督-反馈-调整”动态循环，而非单次结果。  \n\n---\n\n### 二、**方法论实施六步框架** \n\n1. **痛点管理**  \n   - 通过精准问诊、症状排查表、健康档案（症状+指标+病史+习惯）定位核心问题，避免“只治标不治本”。  \n   *案例*：高血压管理需区分“心脑血管风险等级”，而非仅降压。  \n\n2. **目标管理**  \n   - **分层设定**：近期（3个月控指标）、中期（1年减药/停药）、远期（5年防并发症）。  \n   - **量化共识**：与用户签字确认目标（如：糖尿病逆转阶段目标）。  \n\n3. **计划管理（六大处方）**   \n   | 处方类型       | 内容示例                          |  \n   |----------------|-----------------------------------|  \n   | 体检处方       | 精准分诊（如：肺结节需肿瘤标志物+影像） |  \n   | 治疗处方       | 西医兜底（急症）、中医调因         |  \n   | 调理处方       | 营养+运动个性化方案（如：益生菌+搓腹治便秘） |  \n   | 生活方式处方   | 调整生物钟、饮食顺序（如：空腹血糖管理需8小时静息） |  \n   | 教育处方       | 健康原理科普（如：微循环堵塞=症状，大血管堵塞=疾病） |  \n   | 心理处方       | 情绪管理与家庭关系干预             |  \n\n4. **执行与监督**  \n   - **四驱力模型**：内驱（目标激励）+外驱（监督机制）+搭子（伙伴陪伴）+点子（灵活调整）。  \n   - **工具**：行动计划承诺书、打卡押金制、阶段性机能复评。  \n\n5. **预期管理**  \n   - 分层设定用户期待（经济/性格分层），避免“3天瘦10斤”类误区，强调“慢功夫”积累。  \n\n6. **共识管理**  \n   - 通过健康解读会、家庭协作会达成责任共担，如“结对子-健康合伙人”制度。  \n\n---\n\n### 三、**落地关键：健医融合四维统筹**  \n\n1. **统筹人**：中西医+营养师+心理师协作，分责治（医师）、调（管理师）、养（家庭）。  \n2. **统筹地**：医院（急症）、养生馆（调理）、家庭（习惯养成）场景无缝衔接。  \n3. **统筹手段**：西医指标监控+中医体质调理+营养干预+运动处方+自然疗法。  \n4. **统筹资源**：用“治调养结合”分层兜底——  \n   - **治**（兜底）：大病以调辅治  \n   - **调**（助力）：慢病以调促治  \n   - **养**（基石）：亚健康以调代治。  \n\n---\n\n### 四、**行业新趋势下的方法论升级（2026）**  \n\n1. **从业者角色转型**  \n   - 从销售员→健康导师：目标从“推销产品”转为“解决健康问题”，善用自检表指导生活习惯优先于推产品。  \n   - **顾问式沟通**：反问挖掘真实需求（例：“您更关注指标还是症状？”替代直接报价）。  \n\n2. **客户价值重塑**  \n   - **精准服务**：定位于细分领域（如：慢性炎症管理），打造“小而美”IP标签。  \n   - **场景化体验**：通过多感官专业场景（视觉整洁环境、听觉无目的关怀）建立信任，取代硬推销。  \n\n3. **长效运营系统**  \n   - **转介绍双感谢逻辑**：策划公益名额活动，让介绍双方感念老用户，而非金钱提成。  \n   - **复购系统**：聚焦“客户安家落户”（户），非流量获取（客），通过持续价值输出推动转介绍。  \n\n---\n\n### 五、**避坑指南**  \n\n- **误区**：急功近利跳过关系培养（陌生→熟悉→信任→成交）、只管成交忽视复购。  \n- **解法**：  \n  - 每日只做“陌生关系→熟悉关系”动作（如：线上点赞→线下公益沙龙）。  \n  - 带团队遵循“做→教→带→帮→陪”五步，避免“只招不养”。  \n\n> **方法论本质总结**：健康管理是“科学统筹+过程陪伴”的系统工程，需以**健医融合**为根、**六步闭环**为干、**价值共识**为果，在行业转型中坚守“多做贡献，正向改变”。', 'deep_seek': '嗯，用户询问的是"健康管理方法论怎么做"，这是一个关于健康管理方法的具体操作问题。从搜索结果来看，我有相当多的相关资料可以参考。\n\n首先让我看看搜索结果中的核心内容。在中提到了健康管理方法的基本框架，强调以用户健康价值为核心，从专业方法到价值传递的闭环逻辑。它指出健康管理需要与普通医疗和买卖服务区分开，核心是"科学管理+整合资源"。\n\n在中，我看到了健康管理的六大维度和五大原则。六大维度包括痛点管理、需求管理、目标管理、计划管理、预期管理、共识管理。五大原则是科学而非伪科学、健康而非疾病、管理而非买卖、过程而非结果、陪伴而非指教。\n\n详细介绍了健医融合的概念，这是健康管理的核心理念之一。健医融合强调用科学主流的方式发现问题、分析问题、评估健康，用最小的成本和伤害管理健康。具体包括道术融合、治调融合、中西融合、查管融合等。\n\n关于健康管理的具体实施步骤，提供了详细内容：评估→制定→实施→监督→反馈→评估→调整。标本兼治方面，提到小病应急管理、慢病风险管理、健康质量管理，以及针对大病、慢病和亚健康的不同策略。\n\n在中，我看到健康管理需要务实，从简单易行的改变开始，如减少盐摄入、增加步行等，而不是追求昂贵方案。目标设定要循序渐进，避免不切实际的期望。\n\n到提供了2026年健康行业发展的新趋势，强调从推销转向价值提供，从销售力转向导师力，以及从业者需要避免的误区等。\n\n对于回答的组织结构，我考虑设计几个主要部分：核心原则、实施步骤框架、关键方法工具、从业者角色转变、行业新趋势。每个部分都会引用相关搜索结果，并在适当位置加粗关键概念，使结构清晰。我会在开头给出一个简明的提纲，帮助用户快速把握整体框架。最后会有一个简短的总结，强调健康管理的核心价值。\n', 'no_recall': False}}
2026-02-28 11:59:33,218 - src.retrieval.retrieval - INFO - 检索完成，找到 0 个相关笔记
2026-02-28 11:59:33,221 - src.generation.generator - INFO - 开始生成回答，查询: “健康管理方法论怎么做？”, 相关笔记数: 0
2026-02-28 11:59:33,222 - src.generation.generator - INFO - 未检索到相关笔记
2026-02-28 11:59:33,236 - __main__ - INFO - 查询处理完成，用时: 70.20 秒
2026-02-28 12:01:50,999 - src.api.get_api - INFO - GetNoteAPI 初始化成功
2026-02-28 12:01:51,321 - src.api.get_api - INFO - GetNoteAPI 初始化成功
2026-02-28 12:01:51,338 - __main__ - INFO - 用户提交查询: 健康管理方法论
2026-02-28 12:01:51,340 - src.retrieval.retrieval - INFO - 开始检索笔记，查询: 健康管理方法论
2026-02-28 12:01:51,342 - src.api.get_api - INFO - 开始搜索笔记，查询：健康管理方法论
2026-02-28 12:01:51,343 - src.api.get_api - INFO - 发送 POST 请求到：https://open-api.biji.com/getnote/openapi/knowledge/search
2026-02-28 12:02:55,673 - src.api.get_api - INFO - API 返回原始结果：{'h': {'c': 0, 'e': '', 's': 1772251375, 't': 63123, 'apm': '582ade48002d948'}, 'c': {'answers': '基于知识库中用户关于健康管理的系统化笔记，我将健康管理方法论的核心框架、实施步骤与行业趋势整合如下，引用均来自用户原始笔记（引用格式为`[[笔记编号]]`）：\n\n---\n\n### 一、**核心框架：闭环逻辑与五大支柱**\n\n1. **以用户健康价值为核心**  \n   - **底层思维**：从专业框架搭建到价值传递的闭环逻辑，核心是科学管理+资源整合（``）。  \n   - **健医融合**：打通健康与医疗边界，用主流科学方法评估健康，最小成本管理健康（``）。  \n     - 融合维度：道术、治调、中西、查管四结合（``）。  \n\n2. **分层管理策略**  \n   - **标本兼治**：  \n     - 小病→应急管理 | 慢病→风险管理 | 健康→质量管理 | 大病→以调辅治（``）。  \n   - **治调养结合**：  \n     - 治（兜底） + 调（助力） + 养（基石），分层解决健康问题（``）。  \n\n3. **统筹多元资源**  \n   - 统筹人（医师/营养师/心理师）、地（医院/养生馆/家）、手段（西医/营养/运动等），形成循环式过程管理（``）。  \n\n---\n\n### 二、**六大管理维度与五大原则**  \n\n1. **管理维度**（高频考点）  \n   痛点管理、需求管理、目标管理、计划管理、预期管理、共识管理（``）。  \n\n2. **科学健康管理的五大原则**  \n   - 科学而非伪科学（拒绝小样本偏方）  \n   - 健康而非疾病（关注风险与质量）  \n   - 管理而非买卖（需用户配合）  \n   - 过程而非结果（覆盖早中晚期）  \n   - 陪伴而非指教（``）  \n\n---\n\n### 三、**实施步骤：五环流程**  \n\n1. **转观念**：颠覆“只治疾病”认知，转向全维度健康管理（``）。  \n2. **找痛点**：通过精准问诊、排雷、体检定位核心问题（``）。  \n3. **定目标**：  \n   - 分阶段设定（近期3个月/中期1年/远期5年），避免空中楼阁目标（``）。  \n   - 示例：降血压优先控盐+步行，而非直接购药（``）。  \n4. **做计划**：制定六大处方（体检/治疗/调理/生活/教育/心理处方），个性化执行（``）。  \n5. **抓执行**：  \n   - 避免考验人性：用行动计划+监督打卡（如押金制）保障持续性（``）。  \n   - 关键：共识管理（签字确认目标）、过程反馈（``）。  \n\n---\n\n### 四、**行业应用趋势（2026年）**  \n\n1. **从业者角色升级**  \n   - 从销售转向**健康导师**：第一目标是解决问题而非推销产品，善用自检表工具（``）。  \n   - 能力路径：客服营销→顾问营销（反问挖掘真实需求）→导师（多做贡献+正向改变）（``）。  \n\n2. **市场策略革新**  \n   - **精准IP**：细分赛道打造标签（如专攻糖尿病逆转），取代大而全（``）。  \n   - **场景化体验**：通过多感官专业场景（视觉/听觉/嗅觉）建立信任，取代硬推销（``）。  \n   - **转介绍系统**：双重感谢逻辑（让介绍双方感念推荐人）+公益名额稀缺性（``）。  \n\n3. **避免七大误区**  \n   - 例：跳过关系培养直接成交（需从陌生→熟悉→信任逐步升级）、只管成交不管复购（``）。  \n\n---\n\n### 五、**关键工具与方法论**  \n\n| 工具名称         | 作用                          | 案例/逻辑说明                  |  \n|------------------|-----------------------------|------------------------------|  \n| **健康自检表**   | 四信归一（症状/指标/病史/习惯） | 发现比解决问题更重要（``） |  \n| **六大处方**     | 综合干预方案                  | 治调养结合+多元统筹（``） |  \n| **串糖葫芦沟通法**| 痛点串联育信任                | 用原理故事让客户“吃懂”风险（``） |  \n\n---\n\n### 总结：健康管理的本质  \n\n> **“慢功夫+系统战”**：健康管理是“用最便宜的方法解决根本问题”的长期工程（``），需通过**闭环逻辑（专业-价值）**、**分层策略（标本/治调养）**、**动态过程（评估-调整）** 实现用户健康价值的最大化（``）。2026年从业者需聚焦**精准服务+系统搭建**，从“卖产品”转向“做导师”，方能在负债经济中抓住健康行业机遇（``）。', 'deep_seek': '嗯，用户询问的是"健康管理方法论"，这是一个非常专业的问题，需要我基于知识库中的笔记内容进行系统梳理和回答。\n\n从搜索结果来看，知识库中有大量关于健康管理方法论的笔记，内容相当丰富。我需要从中提取核心框架和关键要素，为用户构建一个系统化的健康管理方法论模型。\n\n首先看核心框架部分。笔记提到健康管理方法论的底层思维是"以用户健康价值为核心，从专业方法到价值传递的闭环逻辑"。这应该是整个方法论的指导思想。笔记则提供了更详细的框架，包括健医融合、标本兼治、治调养结合、统筹多元管理和过程计划管理五大支柱。\n\n关于具体管理维度，笔记和都提到了六大管理维度：痛点管理、需求管理、目标管理、计划管理、预期管理和共识管理。这些维度构成了健康管理的操作层面。\n\n在实施步骤方面，笔记和提供了重要信息。笔记提到五环流程：转观念、找痛点、定目标、做计划、抓执行。笔记则强调了健康管理是"慢功夫"，需要循序渐进。\n\n对于行业从业者，笔记到提供了2026年的行业趋势和从业建议，包括从销售转向导师、打造精准IP、建立复购系统等关键点。这些内容对专业从业者很有价值。\n\n在回答组织上，我考虑设计几个主要部分：核心框架、管理维度与原则、实施步骤、行业应用趋势，以及关键工具。每个部分都会引用相关笔记作为支撑，确保内容有据可循。我会在回复时使用加粗标题、小标题和引用标记，使结构清晰。对于重要概念如"健医融合"、"治调养结合"等，会特别标注并解释其含义。最后会总结健康管理方法论的价值和未来趋势，给用户一个完整的认知框架。\n', 'no_recall': False}}
2026-02-28 12:02:55,679 - src.retrieval.retrieval - INFO - 检索完成，找到 0 个相关笔记
2026-02-28 12:02:55,681 - src.generation.generator - INFO - 开始生成回答，查询: 健康管理方法论, 相关笔记数: 0
2026-02-28 12:02:55,681 - src.generation.generator - INFO - 未检索到相关笔记
2026-02-28 12:02:55,687 - __main__ - INFO - 查询处理完成，用时: 64.34 秒
2026-02-28 12:16:42,862 - src.api.get_api - INFO - GetNoteAPI 初始化成功
2026-02-28 12:17:06,051 - src.api.get_api - INFO - GetNoteAPI 初始化成功
2026-02-28 12:17:06,364 - src.api.get_api - INFO - GetNoteAPI 初始化成功
2026-02-28 12:17:06,375 - __main__ - INFO - 用户提交查询: 健康管理方法论
2026-02-28 12:17:06,380 - src.retrieval.retrieval - INFO - 开始检索笔记，查询: 健康管理方法论
2026-02-28 12:17:06,381 - src.api.get_api - INFO - 开始搜索笔记，查询：健康管理方法论
2026-02-28 12:17:06,381 - src.api.get_api - INFO - 发送 POST 请求到：https://open-api.biji.com/getnote/openapi/knowledge/search
2026-02-28 12:17:22,885 - src.api.get_api - INFO - API 返回原始结果：{'h': {'c': 0, 'e': '', 's': 1772252242, 't': 15534, 'apm': '582afad800c3e98'}, 'c': {'answers': '健康管理方法论是一个系统化的框架，旨在通过科学的方法和整合资源来提升个体的健康水平。以下是对健康管理方法论的详细拆解：\n\n### 1. 核心理念\n\n健康管理方法论的底层思维是“以用户健康价值为核心”，强调从专业方法到价值传递的闭环逻辑。这意味着健康管理不仅仅是治疗疾病，而是关注全维度的健康管理，包括预防、调理和养护。\n\n### 2. 六大管理维度\n\n健康管理方法论通常包括以下六大管理维度：\n- **痛点管理**：识别并解决用户的健康痛点。\n- **需求管理**：理解用户的健康需求。\n- **目标管理**：设定合理的健康目标。\n- **计划管理**：制定实施计划。\n- **预期管理**：管理用户对健康结果的预期。\n- **共识管理**：确保用户与管理者之间的共识。\n\n### 3. 五大原则\n\n在实施健康管理时，有五大原则需要遵循：\n1. **科学而非伪科学**：拒绝不可靠的健康信息和偏方。\n2. **健康而非疾病**：关注健康风险和生活质量，而不仅仅是治疗疾病。\n3. **管理而非买卖**：强调健康管理的过程，而非单次交易。\n4. **过程而非结果**：重视健康管理的持续过程。\n5. **陪伴而非指教**：提供支持和陪伴，而不是单方面的指导。\n\n### 4. 健医融合\n\n健康管理方法论强调“健医融合”，即将健康管理与医疗服务相结合。通过科学的方式发现问题、分析问题和评估健康，采用最小成本和最小伤害的方式进行健康管理。这种融合包括中西医结合、调理与治疗的结合等。\n\n### 5. 循环式过程管理\n\n健康管理应采用循环式的过程管理，包括评估、制定、实施、监督、反馈和调整。这种方法确保了健康管理的持续性和有效性。\n\n### 6. 目标设定与执行\n\n在健康管理中，目标的设定应合理且可实现。管理者需要与用户共同制定目标，并确保在执行过程中有监督和反馈机制，以便及时调整策略。\n\n### 结论\n\n健康管理方法论不仅是一个理论框架，更是实践中的指导原则。通过科学的管理方法和多元化的资源整合，可以有效提升个体的健康水平，达到预期的健康目标。\n\n', 'deep_seek': '', 'no_recall': False}}
2026-02-28 12:17:22,887 - src.api.get_api - INFO - 成功从 'c.answers' 提取到 AI 回答！
2026-02-28 12:17:22,906 - src.retrieval.retrieval - INFO - 检索完成，找到 0 个相关笔记
2026-02-28 12:17:22,911 - src.generation.generator - INFO - 开始生成回答，查询: 健康管理方法论, 相关笔记数: 0
2026-02-28 12:17:22,912 - src.generation.generator - INFO - 未检索到相关笔记
2026-02-28 12:17:22,915 - __main__ - INFO - 查询处理完成，用时: 16.53 秒
2026-02-28 12:17:31,167 - src.api.get_api - INFO - GetNoteAPI 初始化成功
2026-02-28 12:17:53,040 - src.api.get_api - INFO - GetNoteAPI 初始化成功
2026-02-28 12:17:53,252 - src.api.get_api - INFO - GetNoteAPI 初始化成功
2026-02-28 12:17:53,291 - __main__ - INFO - 用户提交查询: “梁亮的健医融合笔记讲了什么”
2026-02-28 12:17:53,296 - src.retrieval.retrieval - INFO - 开始检索笔记，查询: “梁亮的健医融合笔记讲了什么”
2026-02-28 12:17:53,297 - src.api.get_api - INFO - 开始搜索笔记，查询：“梁亮的健医融合笔记讲了什么”
2026-02-28 12:17:53,297 - src.api.get_api - INFO - 发送 POST 请求到：https://open-api.biji.com/getnote/openapi/knowledge/search
2026-02-28 12:18:07,592 - src.api.get_api - INFO - API 返回原始结果：{'h': {'c': 0, 'e': '', 's': 1772252287, 't': 13257, 'apm': '582afc500028ee8'}, 'c': {'answers': '梁亮的健医融合笔记主要围绕健康管理和医疗的融合理念，强调主动健康管理的重要性，以及如何通过科学的方法来提升个人和家庭的健康水平。以下是笔记的几个核心要点：\n\n1. **健医融合的核心理念**：健医融合不仅仅是治疗疾病，更重要的是通过健康管理来减少生病的几率，提升生活质量。可以将健康管理比作“管家服务”，提前规划和调理，以最小的成本解决健康问题。\n\n2. **健康管理方法论**：笔记中提到的健康管理方法包括痛点管理、需求管理、目标管理、计划管理等，强调科学性和过程性，注重陪伴而非单纯的指教。健康管理的过程包括评估、制定、实施、监督、反馈和调整，形成一个闭环管理体系。\n\n3. **引导式双赢方法论**：通过精准的问诊、体检、教育和管理，帮助用户实现健康目标。强调健康管理的主动性和多元化，鼓励个人参与到自己的健康管理中来。\n\n4. **治调养结合**：笔记中提到“治是兜底，调是助力，养是基石”，强调在健康管理中，医疗手段是最后的保障，而日常的调理和养生才是维护健康的基础。\n\n5. **多元管理的统筹**：健康管理需要统筹不同的专业人员（如中西医师、营养师、心理师等），并结合家庭、医院和养生馆等多种资源，形成一个综合的健康管理方案。\n\n6. **健康解读与价值塑造**：通过对健康状况的解读，帮助用户识别健康风险，塑造个人的健康价值观，提升健康意识。\n\n7. **家庭健康管理**：强调每个家庭都应有一个懂健康的人，能够管理自己和家人的健康，减少医疗支出和健康风险。\n\n这些要点构成了梁亮的健医融合笔记的核心内容，旨在通过科学的健康管理方法，提高人们的健康水平和生活质量。\n\n', 'deep_seek': '', 'no_recall': False}}
2026-02-28 12:18:07,594 - src.api.get_api - INFO - 成功从 'c.answers' 提取到 AI 回答！
2026-02-28 12:18:07,613 - src.retrieval.retrieval - INFO - 检索完成，找到 0 个相关笔记
2026-02-28 12:18:07,615 - src.generation.generator - INFO - 开始生成回答，查询: “梁亮的健医融合笔记讲了什么”, 相关笔记数: 0
2026-02-28 12:18:07,619 - src.generation.generator - INFO - 未检索到相关笔记
2026-02-28 12:18:07,627 - __main__ - INFO - 查询处理完成，用时: 14.32 秒
2026-02-28 12:40:00,087 - __main__ - INFO - 用户提交查询：梁亮的健医融合笔记讲了什么
2026-02-28 12:40:00,088 - src.retrieval.retrieval - INFO - 开始检索笔记，查询：梁亮的健医融合笔记讲了什么
2026-02-28 12:40:00,089 - src.api.get_api - INFO - GetNoteAPI 初始化成功
2026-02-28 12:40:00,089 - src.api.get_api - INFO - 开始搜索笔记，查询：梁亮的健医融合笔记讲了什么
2026-02-28 12:40:00,090 - src.api.get_api - INFO - 发送 POST 请求到：https://open-api.biji.com/getnote/openapi/knowledge/search
2026-02-28 12:40:18,089 - src.api.get_api - INFO - API 返回原始结果：{'h': {'c': 0, 'e': '', 's': 1772253617, 't': 15269, 'apm': '582b25d80043e98'}, 'c': {'answers': '梁亮的健医融合笔记主要围绕健康管理的核心理念和方法论展开，强调了健康管理与医疗的结合，提出了“健医融合”的概念。以下是笔记的几个关键点：\n\n1. **核心理念**：\n   - 健康管理的目标不仅是治疗疾病，更重要的是预防疾病的发生，提升生活质量。将健康管理比作“管家服务”，强调主动规划和调理，以最小的成本解决健康问题。\n\n2. **健康管理方法论**：\n   - 梁亮提出了科学健康管理的六个方面，包括痛点管理、需求管理、目标管理、计划管理、预期管理和共识管理，强调管理过程的重要性。他认为，健康管理应以科学为基础，关注健康的维护而非单纯的疾病治疗。\n\n3. **治调养结合**：\n   - 笔记中提到“治调养结合”的重要性，治是兜底，调是助力，养是基石。通过生活习惯、营养、运动等手段主动管理健康，医疗手段作为最后保障。\n\n4. **引导式双赢**：\n   - 梁亮强调通过引导方法论来塑造价值，提升客户的健康意识和参与度，使其在健康管理中更主动。他提到精准问诊、精准体检和精准管理等方法，以确保健康管理的有效性和可持续性。\n\n5. **多元统筹管理**：\n   - 健医融合强调统筹多元管理，包括统筹人（如中西医师、营养师、心理师）、统筹地（医院、养生馆、家庭）和统筹手段（西医、中医、营养、运动等），以实现全面的健康管理。\n\n6. **健康解读与评估**：\n   - 笔记中还提到健康解读的重要性，强调通过评估个人健康状况，制定个性化的健康管理计划，以达到更好的健康效果。\n\n通过这些内容，梁亮的笔记为健康管理提供了一种系统化的思路，强调了主动预防和科学管理的重要性，旨在帮助个人和家庭更好地管理健康。\n\n', 'deep_seek': '', 'no_recall': False}}
2026-02-28 12:40:18,090 - src.api.get_api - INFO - 成功从 'c.answers' 提取到 AI 回答！
2026-02-28 12:40:18,102 - src.retrieval.retrieval - INFO - 检索完成，找到 1 个相关笔记/回答
2026-02-28 13:40:37,250 - __main__ - INFO - 用户提交查询：“六大处方是什么？”
2026-02-28 13:40:37,252 - src.retrieval.retrieval - INFO - 开始检索笔记，查询：“六大处方是什么？”
2026-02-28 13:40:37,253 - src.api.get_api - INFO - GetNoteAPI 初始化成功
2026-02-28 13:40:37,253 - src.api.get_api - INFO - 开始搜索笔记，查询：“六大处方是什么？”
2026-02-28 13:40:37,254 - src.api.get_api - INFO - 发送 POST 请求到：https://open-api.biji.com/getnote/openapi/knowledge/search
2026-02-28 13:40:50,448 - src.api.get_api - INFO - API 返回原始结果：{'h': {'c': 0, 'e': '', 's': 1772257249, 't': 11770, 'apm': '582b97780023eb8'}, 'c': {'answers': '六大处方是健康管理中的重要组成部分，旨在为用户提供全面的健康管理方案。根据搜索结果，六大处方具体包括：\n\n1. **体检处方**：定期进行身体检查，以便及时发现潜在健康问题。\n2. **治疗处方**：针对已确诊的疾病，制定相应的治疗方案。\n3. **调理处方**：通过饮食、运动等方式进行身体调理，改善健康状况。\n4. **教育处方**：提供健康知识的教育，帮助用户理解健康管理的重要性。\n5. **生活方式处方**：建议健康的生活方式，包括饮食、作息等，以促进整体健康。\n6. **心理处方**：关注心理健康，提供心理支持和干预，帮助用户应对压力和情绪问题。\n\n这些处方的综合应用，可以帮助用户在健康管理中实现更好的效果，达到预防疾病和改善健康的目的。通过科学的管理方法，用户能够更清晰地了解自己的健康状况，并采取相应的行动来维护和提升健康。\n\n', 'deep_seek': '', 'no_recall': False}}
2026-02-28 13:40:50,448 - src.api.get_api - INFO - 成功从 'c.answers' 提取到 AI 回答！
2026-02-28 13:40:50,455 - src.retrieval.retrieval - INFO - 检索完成，找到 1 个相关笔记/回答
2026-02-28 13:43:36,604 - __main__ - INFO - 用户提交查询：“如何理解‘过程而非结果’在健康管理中的意义？”
2026-02-28 13:43:36,608 - src.retrieval.retrieval - INFO - 开始检索笔记，查询：“如何理解‘过程而非结果’在健康管理中的意义？”
2026-02-28 13:43:36,608 - src.api.get_api - INFO - GetNoteAPI 初始化成功
2026-02-28 13:43:36,609 - src.api.get_api - INFO - 开始搜索笔记，查询：“如何理解‘过程而非结果’在健康管理中的意义？”
2026-02-28 13:43:36,609 - src.api.get_api - INFO - 发送 POST 请求到：https://open-api.biji.com/getnote/openapi/knowledge/search
2026-02-28 13:43:52,823 - src.api.get_api - INFO - API 返回原始结果：{'h': {'c': 0, 'e': '', 's': 1772257432, 't': 14980, 'apm': '582b9d100024a18'}, 'c': {'answers': '在健康管理中，“过程而非结果”的理念强调的是关注长期的健康习惯养成，而不仅仅是短期的健康指标或结果。这一理念可以从以下几个方面进行理解：\n\n1. **重视习惯的养成**：健康管理的核心在于培养良好的生活习惯，例如均衡饮食、规律运动和充足睡眠。这些习惯的养成需要时间和持续的努力，而不是仅仅依赖一次性的干预或治疗。\n\n2. **科学管理**：健康管理应采用科学的方法，通过持续的监测和评估来发现和解决健康问题。这意味着在管理过程中，应该关注如何通过科学的手段来调整和优化生活方式，而不是仅仅关注最终的健康结果。\n\n3. **陪伴与支持**：在健康管理的过程中，专业人士的陪伴和支持至关重要。通过引导式的沟通和持续的互动，帮助个体在健康管理的旅程中保持动力和信心，而不是单纯地给出命令或期望结果。\n\n4. **过程管理的重要性**：健康管理的过程包括评估、目标设定、计划制定、执行和反馈调整等多个环节。每一个环节都需要认真对待，以确保最终的健康目标能够实现。例如，设定一个目标（如降低血压）需要制定具体的行动计划（如每天走8000步、减少盐摄入），并在执行过程中进行监督和调整。\n\n5. **避免短期思维**：许多人在健康管理中容易陷入短期思维，只关注眼前的健康指标（如体重、血压等），而忽视了长期的健康管理过程。这种短期思维可能导致不健康的行为，例如极端节食或过度锻炼，反而对健康产生负面影响。\n\n综上所述，“过程而非结果”在健康管理中的意义在于强调持续的努力和科学的方法，通过良好的习惯养成和专业的支持，帮助个体实现长期的健康目标，而不是仅仅追求短期的健康结果。\n\n', 'deep_seek': '', 'no_recall': False}}
2026-02-28 13:43:52,825 - src.api.get_api - INFO - 成功从 'c.answers' 提取到 AI 回答！
2026-02-28 13:43:52,832 - src.retrieval.retrieval - INFO - 检索完成，找到 1 个相关笔记/回答
2026-02-28 14:03:22,056 - __main__ - INFO - 用户提交查询：科学健康管理’和‘传统医疗’的区别”
2026-02-28 14:03:22,059 - src.retrieval.retrieval - INFO - 开始检索笔记，查询：科学健康管理’和‘传统医疗’的区别”
2026-02-28 14:03:22,060 - src.api.get_api - INFO - GetNoteAPI 初始化成功
2026-02-28 14:03:22,060 - src.api.get_api - INFO - 开始搜索笔记，查询：科学健康管理’和‘传统医疗’的区别”
2026-02-28 14:03:22,060 - src.api.get_api - INFO - 发送 POST 请求到：https://open-api.biji.com/getnote/openapi/knowledge/search
2026-02-28 14:04:19,304 - src.api.get_api - INFO - API 返回原始结果：{'h': {'c': 0, 'e': '', 's': 1772258658, 't': 56007, 'apm': '582bc2180012f70'}, 'c': {'answers': '基于知识库中关于“科学健康管理”与“传统医疗”的对比内容，结合健医融合核心理念，两者的核心区别可归纳为以下四个维度：\n\n---\n\n### 一、**核心理念差异**  \n\n1. **目标导向**  \n   - **科学健康管理**：以“健康风险与质量提升”为核心，覆盖“未病-亚健康-慢病-大病”全周期，强调预防、调理与长期生活质量提升。  \n   - **传统医疗**：聚焦“疾病治疗”，以消除症状和急性问题为首要目标，对慢性病和健康风险干预不足。  \n\n2. **方法论基础**  \n   - **科学健康管理**：遵循“科学而非伪科学”原则，拒绝小样本偏方，依赖循证医学与多维度数据（症状、指标、习惯、情绪）综合评估。  \n   - **传统医疗**：依赖标准化诊疗指南，易忽略个体生活习惯差异，对“治标未治本”的慢性问题缺乏系统方案。  \n\n---\n\n### 二、**管理维度与方法差异**  \n\n| **对比项**       | 科学健康管理                          | 传统医疗                     |\n|------------------|---------------------------------------|------------------------------|\n| **管理框架**     | 六大维度：痛点、需求、目标、计划、预期、共识管理 | 以诊断和治疗方案为核心       |\n| **干预策略**     | **标本兼治**：<br>• 大病以调辅治、慢病以调促治、亚健康以调代治<br>• 治调养结合（治兜底、调助力、养基石） | 以药物/手术直接干预症状      |\n| **工具应用**     | 六大处方：体检、治疗、调理、生活、教育、心理处方 | 以药物处方为主               |\n| **过程管理**     | 闭环流程：评估→制定→实施→监督→反馈→调整 | 单次诊疗，缺乏持续跟踪       |\n\n---\n\n### 三、**实施主体与资源统筹差异**  \n\n1. **角色定位**  \n   - **科学健康管理**：  \n     • 从业者为“健康合伙人”，提供陪伴式服务，与客户共建目标；  \n     • 强调客户自主参与（如生活习惯调整）而非被动接受治疗。  \n   - **传统医疗**：医患关系为“权威-服从”模式，患者参与度低。  \n\n2. **资源整合**  \n   - **科学健康管理**：  \n     • 统筹人（医师/营养师/心理师）、地（医院/家/养生馆）、手段（中西医/营养/运动）；  \n     • 多元协作解决复合型健康问题。  \n   - **传统医疗**：资源集中于医疗机构，跨领域协作薄弱。  \n\n---\n\n### 四、**价值导向与局限性**  \n\n1. **价值成果**  \n   - **科学健康管理**：追求“三更四省五能”：更年轻/美丽/长寿，省时/力/心/钱，能吃/喝/动/睡/笑；  \n   - **传统医疗**：以疾病治愈为成功标准，忽略健康质量提升。  \n\n2. **常见误区**  \n   - **传统医疗局限**：  \n     • “只治不调”导致药罐子依赖，“只调不治”埋藏健康风险；  \n     • 忽视生活习惯（占健康影响85%），治标难治本。  \n   - **科学健康管理难点**：需突破客户“换脑难”（观念转变）与“执行难”（习惯挑战）。  \n\n---\n\n### 总结：科学健康管理的革新性  \n\n科学健康管理通过**系统性框架**（六大维度）、**融合路径**（健医融合/标本兼治）、**资源统筹**（人/地/手段）和**闭环管理**（过程计划），将健康干预从“疾病中心”转向“人本中心”，弥补了传统医疗在慢性病防控与健康促进中的短板。其本质是从“买卖服务”升级为“共建健康”的信任伙伴关系。', 'deep_seek': '嗯，用户询问"科学健康管理"和"传统医疗"的区别，这是一个关于健康管理理念的对比问题。我需要从知识库中提取相关信息，系统性地分析两者的区别。\n\n首先查看知识库中的相关笔记，发现有多篇笔记详细讨论了科学健康管理的理念和方法，特别是、、、、等笔记提供了很好的理论基础。\n\n从核心理念来看，科学健康管理强调"健是核心，医是兜底"，注重预防和全过程管理，而传统医疗主要关注疾病治疗。这点在中提到"跳出\'只治疾病\'的惯性"，在中强调"健康而非疾病，管理风险和质量"。\n\n在管理维度上，科学健康管理有六大维度：痛点管理、需求管理、目标管理、计划管理、预期管理、共识管理，这是传统医疗所不具备的系统方法。在中还提到了标本兼治的理念，针对不同健康状态采取不同策略：大病以调辅治、慢病以调促治、亚健康以调代治。\n\n实施方法上，科学健康管理采用治调养结合模式：治是兜底、调是助力、养是基石，并强调统筹多元资源。同时注重过程管理，有评估-制定-实施-监督-反馈-评估-调整的闭环流程。\n\n价值导向上，科学健康管理追求"三更四省五能"：更年轻美丽长寿，省时省力省心省钱，能吃能喝能动能睡能笑，这与传统医疗仅解决疾病问题的目标形成鲜明对比。\n\n在回答组织上，考虑设计表格对比核心差异，然后分四个部分详细解析：核心理念差异、管理维度与方法差异、实施主体与资源差异、价值导向差异。最后总结科学健康管理的创新点。会在回复时引用相关笔记支持每个观点，确保信息准确可靠。\n', 'no_recall': False}}
2026-02-28 14:04:19,305 - src.api.get_api - INFO - 成功从 'c.answers' 提取到 AI 回答！
2026-02-28 14:04:19,308 - src.retrieval.retrieval - INFO - 检索完成，找到 1 个相关笔记/回答
2026-02-28 14:06:58,253 - __main__ - INFO - 用户提交查询：请用梁亮的笔记内容，帮我设计一份一周健康食谱”
2026-02-28 14:06:58,254 - src.retrieval.retrieval - INFO - 开始检索笔记，查询：请用梁亮的笔记内容，帮我设计一份一周健康食谱”
2026-02-28 14:06:58,255 - src.api.get_api - INFO - GetNoteAPI 初始化成功
2026-02-28 14:06:58,256 - src.api.get_api - INFO - 开始搜索笔记，查询：请用梁亮的笔记内容，帮我设计一份一周健康食谱”
2026-02-28 14:06:58,256 - src.api.get_api - INFO - 发送 POST 请求到：https://open-api.biji.com/getnote/openapi/knowledge/search
2026-02-28 14:07:03,638 - src.api.get_api - INFO - API 返回原始结果：{'h': {'c': 0, 'e': '', 's': 1772258822, 't': 4347, 'apm': '582bc8d8002d948'}, 'c': {'answers': '', 'deep_seek': '', 'no_recall': True}}
2026-02-28 14:07:03,638 - src.api.get_api - INFO - 成功从 'data' 提取到 1 条笔记片段
2026-02-28 14:07:03,642 - src.retrieval.retrieval - INFO - 检索完成，找到 1 个相关笔记/回答
2026-02-28 14:07:51,869 - __main__ - INFO - 用户提交查询：“如果我想为父母制定一个健康管理计划，应该怎么做？
2026-02-28 14:07:51,870 - src.retrieval.retrieval - INFO - 开始检索笔记，查询：“如果我想为父母制定一个健康管理计划，应该怎么做？
2026-02-28 14:07:51,871 - src.api.get_api - INFO - GetNoteAPI 初始化成功
2026-02-28 14:07:51,872 - src.api.get_api - INFO - 开始搜索笔记，查询：“如果我想为父母制定一个健康管理计划，应该怎么做？
2026-02-28 14:07:51,872 - src.api.get_api - INFO - 发送 POST 请求到：https://open-api.biji.com/getnote/openapi/knowledge/search
2026-02-28 14:09:04,209 - src.api.get_api - INFO - API 返回原始结果：{'h': {'c': 0, 'e': '', 's': 1772258943, 't': 70999, 'apm': '582bca880023eb8'}, 'c': {'answers': '为父母制定科学有效的健康管理计划，需融合“健医融合”核心理念，结合系统性评估、个性化方案和持续陪伴式管理。以下是基于知识库的完整框架和实操步骤：\n\n---\n\n### **一、全面健康评估：精准定位问题（定痛定因）**  \n\n1. **健康信息整合**  \n   - **基础档案**：记录身高、体重、血压、血糖等基础指标（参考健康自检表）。  \n   - **症状筛查**：使用《症状筛查表》排查咽喉干痒、胸痛、便秘等潜在风险信号。  \n   - **病史与习惯**：梳理慢性病史（如高血压/糖尿病）、用药史、吸烟/饮酒/熬夜等不良习惯。  \n\n2. **风险分层分析**  \n   - **四信归一**：聚焦代谢、炎症、循环、免疫四大核心问题（如代谢异常引发糖尿病）。  \n   - **三因归症**：关联遗传、环境、行为诱因（如熬夜加剧高血压）。  \n\n> *示例：父亲有高血压史，需重点评估盐摄入量、睡眠质量与情绪压力。*\n\n---\n\n### **二、制定健康目标：分阶段可量化（定标）**  \n\n1. **目标分层设计**  \n   | **阶段**   | **核心目标**                          | **参考指标**                     |  \n   |------------|---------------------------------------|----------------------------------|  \n   | **近期（3个月）** | 改善关键习惯（如减盐、早睡）          | 每日步数＞6000步，血压＜140/90mmHg |  \n   | **中期（1年）**  | 减药/停药（慢病管理）                 | 空腹血糖＜7.0mmol/L        |  \n   | **远期（5年）**  | 预防并发症，提升生活质量              | 维持“五能”（吃/喝/动/睡/排） |  \n\n2. **目标原则**  \n   - **可行性**：避免“三个月跑马拉松”等不切实际目标，从小处突破。  \n   - **共识性**：与父母共同确认目标，签署健康承诺书提升依从性。  \n\n---\n\n### **三、执行六大处方：健医融合落地（定方案）**  \n\n结合“治调养结合”原则设计多维干预：  \n1. **体检处方**：年度专项检查（如颈动脉超声查斑块、骨密度筛查）。  \n2. **治疗处方**：遵医嘱用药，定期复诊调整（避免自行停药）。  \n3. **调理处方**：  \n   - 中医辅助（如艾灸缓解关节痛）；  \n   - 营养素补充（如维生素D改善骨质疏松）。  \n4. **生活方式处方**：  \n   - **饮食**：高血压患者每日盐＜5g，增加高钾食物（香蕉/菠菜）；  \n   - **运动**：餐后快走30分钟/日，预防血糖波动。  \n5. **教育处方**：  \n   - 学习慢性病原理（如“杯子故事”解读大病早期信号）；  \n   - 破除误区（如“习惯好≠不生病”）。  \n6. **心理处方**：  \n   - 情绪日记记录压力源；  \n   - 家庭会议疏导焦虑。  \n\n> *案例：母亲糖尿病管理 → 调理处方配益生菌+搓腹（改善便秘），教育处方学“临界值管理”（预防并发症）。*\n\n---\n\n### **四、过程管理：动态跟踪与调整**  \n\n1. **监督工具**  \n   - 打卡表记录运动/饮食（可用微信小程序辅助）；  \n   - 每月健康数据复盘（血压/血糖日志）。  \n2. **反馈机制**：  \n   - 季度全面评估（更新《健康解读分析表》）；  \n   - 预警指标偏差（如连续3天血压超标需就医）。  \n3. **激励设计**：  \n   - 达成小目标家庭奖励（如短途旅行）；  \n   - 引入“健康搭子”互相督促（避免半途而废）。  \n\n---\n\n### **五、关键注意事项**  \n\n1. **避免常见误区**：  \n   - 忌“只治不调”（如高血压仅依赖药物，忽视减盐运动）；  \n   - 忌“目标模糊”（如“要健康”改为“每日走6000步”）。  \n2. **整合资源支持**：  \n   - 统筹家庭角色（子女监督用药，配偶配合饮食）；  \n   - 利用社区医疗（免费体检、慢病随访）。  \n3. **长期思维**：  \n   - 健康是“基石投入”，短期调理可能花费较高，但长远省医疗费。  \n\n---\n\n### **六、模板工具推荐**  \n\n1. [健康自检表]() → 快速定位风险  \n2. [健康计划表]() → 结构化记录六大处方  \n3. [目标管理卡]() → 拆解近期/中期/远期目标  \n\n> **最后提醒**：父母健康管理需“陪伴而非指教”。初期亲自陪同执行（如共做早餐），过程中多倾听反馈，避免强制命令。健康是家庭共同事业，温暖支持比专业方案更重要❤️。', 'deep_seek': '嗯，用户想为父母制定健康管理计划，这是一个很实际的需求。从搜索结果来看，我有不少关于健康管理的资料可以参考。\n\n用户可能希望得到一个系统性的方案，既要科学又要可操作。考虑到父母年龄，计划需要兼顾慢病管理和日常健康维护。\n\n在这些笔记中，提到健康管理的核心理念是"健是核心，医是兜底"，85%健康靠日常习惯管理。这应该是制定计划的基础思路。\n\n和详细说明了健医融合的方法论，包括六大处方（体检、治疗、调理、生活、教育、心理）和过程管理（评估-制定-实施-监督-反馈-调整）。这些框架很实用。\n\n具体到执行层面，提到健康计划管理流程：健康评估→方案制定→实施支持→监督数据收集→效果评价→方案调整。这个流程可以借鉴。\n\n提供了详细的健康自检表模板，包括症状筛查和个人健康信息记录。这些工具可以帮助用户全面了解父母的健康状况。\n\n的健康解读分析表也很有价值，包含整体评估、定痛定因、健康目标设定等模块。特别是"四信归一"（明主次）、"三因归症"（浅种草）的方法论很专业。\n\n提到2026年健康行业趋势时强调"小而美精准IP"理念，提醒我们计划要个性化，不能一刀切。同时要注重"价值传递"而非简单推销。\n\n最后，强调健康管理要"多做贡献、正向改变"，这个理念很温暖。作为子女制定计划时，陪伴和支持可能比专业方案更重要。\n\n综合这些资料，我会从评估、方案、执行、支持四个维度构建回答，重点突出健医融合特色和可操作性。考虑在回复时加入一些图标符号让结构更清晰，同时确保每个建议都有资料支撑。\n', 'no_recall': False}}
2026-02-28 14:09:04,213 - src.api.get_api - INFO - 成功从 'c.answers' 提取到 AI 回答！
2026-02-28 14:09:04,218 - src.retrieval.retrieval - INFO - 检索完成，找到 1 个相关笔记/回答
2026-02-28 14:21:30,714 - __main__ - INFO - 用户提交查询：假设我的父母年龄在60岁左右，有高血压病史
2026-02-28 14:21:30,717 - src.retrieval.retrieval - INFO - 开始检索笔记，查询：假设我的父母年龄在60岁左右，有高血压病史
2026-02-28 14:21:30,718 - src.api.get_api - INFO - GetNoteAPI 初始化成功
2026-02-28 14:21:30,719 - src.api.get_api - INFO - 开始搜索笔记，查询：假设我的父母年龄在60岁左右，有高血压病史
2026-02-28 14:21:30,720 - src.api.get_api - INFO - 发送 POST 请求到：https://open-api.biji.com/getnote/openapi/knowledge/search
2026-02-28 14:22:46,607 - src.api.get_api - INFO - API 返回原始结果：{'h': {'c': 0, 'e': '', 's': 1772259765, 't': 73118, 'apm': '582be42800ad948'}, 'c': {'answers': '基于您父母60岁左右且有高血压病史的情况，结合健医融合知识库中的科学管理逻辑，现从**风险分级、核心管理框架、执行要点**三方面提供综合建议，所有结论均引用自手写笔记及流程表格：\n\n---\n\n### 一、高血压风险分级与核心危害 \n\n1. **心脑血管风险分层**  \n   - **高风险特征**：若父母已出现血管损伤（如颈动脉斑块）、或合并糖尿病/高血脂等代谢问题，属**心脑血管高风险群体**（引用"高风险"定义）。  \n   - **损伤原理**：高血压本质是血管内皮损伤，长期高压导致血管弹性下降→硬化→斑块形成→心梗/脑梗（"血管损伤原理"）。  \n   - **神经调节影响**：焦虑、失眠等精神压力会通过交感神经持续推高血压，形成恶性循环（"神经和精神对血压的影响"）。\n\n2. **需紧急干预的预警信号**  \n   - 血压波动大（收缩压>160mmHg或昼夜差值>20mmHg）、晨峰现象突出（"波幅、降速、储备"指标异常）。  \n   - 已有头晕、胸闷等症状，或体检发现微量白蛋白尿（提示肾小管损伤）（"四高一血压"管理项）。\n\n---\n\n### 二、健医融合管理框架：从评估到执行 \n\n#### （一）健康评估优先（引用健康解读表）  \n\n需完善以下关键数据：  \n| **评估类别**       | **必查项目**                          | **意义**                  |  \n|---------------------|---------------------------------------|--------------------------|  \n| **基础指标**        | 动态血压监测、空腹血糖+糖化血红蛋白  | 排除代谢综合征叠加风险   |  \n| **血管功能**        | 颈动脉超声、同型半胱氨酸             | 评估动脉硬化及血栓风险   |  \n| **肾脏早期损伤**    | 尿微量白蛋白/肌酐比值、血清胱抑素C   | 发现高血压肾损害         |  \n| **生活习惯筛查**    | 吸烟/饮酒史、睡眠质量、盐摄入量      | 锁定行为干预靶点         |  \n\n> 注：表格依据健康解读分析表及指标要求整合。\n\n#### （二）五步管理流程（引用调理方案）  \n\n1. **止损**：停用加重血管负担的行为（如高盐饮食、熬夜）。  \n2. **清毒**：通过抗氧化饮食（深色蔬果）减少血管氧化损伤。  \n3. **修复**：补充叶酸（降低同型半胱氨酸）、Omega-3（抗炎）。  \n4. **重建**：建立运动处方（每日6000步快走+抗阻训练）。  \n5. **维护**：每月血压趋势分析，每季度血管弹性检测。  \n\n#### （三）六大处方协同（核心！引用）  \n\n| **处方类型**       | **具体措施**                                                                 | **作用**                  |  \n|--------------------|-----------------------------------------------------------------------------|--------------------------|  \n| **治疗处方**       | 西药（CCB/ARB类）+ 中药辅助（如杜仲降压片）                                 | 快速控压，减少副作用     |  \n| **生活方式处方**   | DASH饮食（限盐<5g/天）+ 戒烟限酒（白酒<1两/天）                             | 降低血压基线值           |  \n| **心理处方**       | 正念呼吸（每日15分钟）+ 社交活动（防孤独）                                  | 抑制交感神经过度兴奋     |  \n| **教育处方**       | 学习血压自测方法、药物依从性培训                                            | 提升自我管理能力         |  \n| **调理处方**       | 低频脉冲理疗（涌泉穴刺激）、药枕（决明子+菊花）                             | 改善睡眠质量及微循环     |  \n\n> 注：执行需结合"双赢共建"原则，家属参与监督（如记录血压日记）。\n\n---\n\n### 三、关键执行要点与误区规避 \n\n1. **避免"只治不调"陷阱**  \n   - 单纯依赖降压药（如硝苯地平）可能引发反射性心率加快，需配合心率监测（"西医专科思维局限性"警告）。  \n   - 中医调理需个体化，避免盲目使用"降压偏方"（"中医过于个性化"风险提示）。\n\n2. **指标前移才是真预防**（引用核心思想）  \n   - 关注**晨起半小时内静息血压**（>135/85mmHg即需干预），比诊室血压更预测心脑血管事件。  \n   - 定期检测**肾小球滤过率(eGFR)** 和**尿微量白蛋白**，早于血肌酐升高发现肾损伤。\n\n3. **家庭协作要点**（据家庭健康表设计）  \n   - **环境改造**：家中安装防滑设施（防体位性低血压跌倒）、备电子药盒（防漏服）。  \n   - **膳食管理**：使用限盐勺、增加富钾食物（香蕉/菠菜）对抗钠潴留。  \n   - **紧急预案**：培训家属识别高血压危象（血压>180/110mmHg伴呕吐/视物模糊）。\n\n---\n\n> **总结建议**：高血压管理本质是**血管寿命保卫战**。请立即启动：  \n> 1️⃣ 完成健康评估表（尤其血管+肾指标） → 2️⃣ 按五步流程制定计划 → 3️⃣ 用六大处方落地执行。  \n> 健医融合强调**"医定兜底，健是核心"**（），医疗控制急性风险，健康行为决定长期预后。', 'deep_seek': '嗯，用户提到父母60岁左右有高血压病史，需要我基于知识库中的健医融合笔记提供专业建议。从对话历史看，我是作为学习伴侣的Get笔记助手，需要综合引用搜索结果来构建回答。\n\n先梳理知识库中与高血压相关的核心信息：\n- 在发现重要观点：高血压风险需分级为"低风险、中风险、高风险"，特别强调心脑血管并发症风险。这提示我需要为用户父母进行风险分层。\n- 详细说明血管损伤原理和神经调节机制，这能帮助解释高血压的病理基础。其中提到"神经和精神对血压的影响"，暗示心理干预的重要性。\n- 提到"四高一血压"管理框架，包含血糖、血压、血脂、尿酸的综合管控，这与现代慢病管理理念一致。\n- 的健康评估表格特别有用，包含个人史记录、生活习惯评估等模块，可直接指导用户建立健康档案。\n\n注意到用户没有明确提问方向，根据经验推测可能需要：风险评估、日常管理方案、就医建议等。因此计划从三个维度构建回答：\n1. 风险分级：引用的风险分层框架，结合的评估表说明具体风险因素。\n2. 管理方案：整合的"止损-清毒-修复-重建-维护"五步流程，结合的"六大处方"（治疗/调理/教育/生活方式/心理/补充）。\n3. 实施要点：强调"指标前移"的预防理念，引用空腹血糖监测案例说明精准测量的重要性。\n\n需要特别注意：\n- 避免堆砌医学术语，用中"工资/存款/小金库"这类比喻解释复杂概念\n- 强调的生活方式处方具体内容，如吸烟饮酒等量化标准\n- 引用"双赢共建"理念，说明家庭协作的重要性\n\n最后检查所有引用：确保均有涉及且分布均衡，重点内容如风险分级()、血管原理()、流程管理()等核心模块保证引用准确。\n', 'no_recall': False}}
2026-02-28 14:22:46,610 - src.api.get_api - INFO - 成功从 'c.answers' 提取到 AI 回答！
2026-02-28 14:22:46,622 - src.retrieval.retrieval - INFO - 检索完成，找到 1 个相关笔记/回答
2026-02-28 14:27:31,544 - __main__ - INFO - 用户提交查询：假设我的父亲年龄在60岁左右，有高血糖病史,请你扮演一位健康管理师，帮我分析
2026-02-28 14:27:31,545 - src.retrieval.retrieval - INFO - 开始检索笔记，查询：假设我的父亲年龄在60岁左右，有高血糖病史,请你扮演一位健康管理师，帮我分析
2026-02-28 14:27:31,547 - src.api.get_api - INFO - GetNoteAPI 初始化成功
2026-02-28 14:27:31,547 - src.api.get_api - INFO - 开始搜索笔记，查询：假设我的父亲年龄在60岁左右，有高血糖病史,请你扮演一位健康管理师，帮我分析
2026-02-28 14:27:31,547 - src.api.get_api - INFO - 发送 POST 请求到：https://open-api.biji.com/getnote/openapi/knowledge/search
2026-02-28 14:29:20,219 - src.api.get_api - INFO - API 返回原始结果：{'h': {'c': 0, 'e': '', 's': 1772260159, 't': 107562, 'apm': '582bef6001ad948'}, 'c': {'answers': '好的，作为您的健康管理师，我将基于您父亲（60岁左右，高血糖病史）的情况，结合“健医融合”的科学健康管理理念（强调**科学、管理、过程、陪伴**而非单纯治病或买卖），为您进行系统分析。以下分析综合了知识库中关于高血糖及慢病管理的核心方法论：\n\n---\n\n### **一、核心问题定位与风险分析（痛点与需求管理）**\n\n1.  **高血糖的本质与风险：**\n    *   **当前状态：** 高血糖是血管内糖代谢失衡的表现（“工资”超支，“存款”不足）。需明确空腹血糖值（如8.7mmol/L远超5.6mmol/L正常值）、餐后血糖及糖化血红蛋白水平。\n    *   **核心风险：** 长期高血糖会损伤血管、神经，增加心脑血管疾病（脑梗、心梗）、肾病、视网膜病变、周围神经病变等并发症风险。**关键风险在于“失控”与“储备功能下降”**（确诊时储备功能可能已消耗50%-70%）。\n    *   **潜在痛点：** 可能存在的“三高”（血糖、血压、血脂、尿酸常相互关联）、疲劳、视力模糊、伤口不易愈合等症状；对并发症的担忧；药物依赖与副作用（如“下猛药”导致后期效果减弱）。\n\n2.  **个性化评估需求（精准排雷）[[6][[9]]：**\n    *   **全面检查：** 除基础血糖监测，需评估：\n        *   **专属指标：** 糖化血红蛋白、胰岛功能（C肽、胰岛素释放试验）、并发症筛查（尿微量白蛋白、眼底检查、神经传导速度等）[[1][[6]。\n        *   **关联指标：** 血压、血脂（尤其HDL高密度脂蛋白与LDL低密度脂蛋白）、尿酸、肝功能、肾功能（重点看β2-微球蛋白、胱抑素C等）、体重/BMI/体成分[[6][[8]]。\n        *   **症状与习惯：** 详细记录饮食结构（主食量、口味、饮料摄入）、运动习惯、睡眠质量、情绪状态、用药史（如是否使用莫迪漆等可能影响血糖药物）[[2][[8]。\n\n---\n\n### **二、目标制定与管理（目标管理）[[1][[5][[9][[11]]**\n\n根据糖尿病分期制定**阶梯式、可量化**的目标（需与您父亲达成共识并签字确认）：\n1.  **近期目标（1-3个月）：**\n    *   **控糖：** 空腹血糖稳定在7.0mmol/L以下，餐后2小时<10.0mmol/L，减少血糖波幅[[1][[6]]。\n    *   **减重（如需）：** 减重3-5%（改善胰岛素抵抗）[[6][[9]]。\n    *   **习惯：** 建立1-2个核心好习惯（如调整吃饭顺序：先菜后肉再主食；每日步行30分钟）。\n2.  **中期目标（6-12个月）：**\n    *   **稳糖：** 糖化血红蛋白<7.0%，减少药物种类或剂量（在医生指导下）[[1][[5]]。\n    *   **防并发：** 关键指标（血压、血脂、尿蛋白）达标，无新增并发症迹象。\n    *   **固习惯：** 形成稳定的健康生活方式（吃、动、睡、情绪）。\n3.  **远期目标（3-5年）：**\n    *   **保功能：** 维持心、肾、眼、足等重要器官功能，最小化并发症风险，提高生活质量（“活得久、治得好”）[[1][[5]]。\n    *   **减药/停药（可能）：** 在医生评估下，争取最小剂量维持或特定条件下停药（如早期干预成功）。\n\n---\n\n### **三、整合干预方案（计划管理 - 六大处方[[2][[5]）**\n\n采用“**健医融合、标本兼治**”策略，融合“**治（兜底）、调（助力）、养（基石）**”[[3][[5]：\n1.  **体检处方（精准监测）：**\n    *   定期监测：血糖（空腹+餐后）、血压、体重。\n    *   季度/半年：糖化血红蛋白、基础生化（肝肾功能、血脂）。\n    *   年度：并发症筛查（眼底、尿微量白蛋白、足部神经、心血管评估）[[6][[9]。\n2.  **治疗处方（医疗兜底）：**\n    *   **遵医嘱用药：** 不随意增减或停用降糖药，关注药物相互作用与副作用。\n    *   **中西医结合：** 在医生指导下，可考虑中药调理改善体质、缓解症状（如阴虚燥热型常用方剂）[[5][[11]]。**避免滥用“偏方”**（偏方是别人的主方，非个性化方案）。\n3.  **调理处方（功能修复）：**\n    *   **营养干预：** 个性化膳食方案（控碳水、增纤维、优质蛋白、低GI食物），必要时补充特定营养素（如铬、α-硫辛酸、益生菌）。\n    *   **物理/自然疗法：** 在专业人员指导下尝试针灸、推拿（改善循环）、森林浴（调节情绪）等。\n4.  **生活方式处方（基石作用）：**\n    *   **吃：** 严格执行“吃饭的顺序、搭配、数量”，控制总热量，限糖限盐限油。\n    *   **动：** 每周≥150分钟中等强度运动（快走、游泳、太极），抗阻训练2次/周（增肌降糖）[[2][[9]]。\n    *   **睡：** 保证7-8小时优质睡眠，改善睡眠呼吸暂停（如有）。\n    *   **情绪：** 学习压力管理技巧（冥想、呼吸练习），保持乐观[[2][[5]]。\n5.  **教育处方（认知提升）：**\n    *   **知识科普：** 理解血糖波动原理（“工资、存款、小金库”）、并发症机制、药物作用、自我管理技能（血糖仪使用、低血糖处理）。\n    *   **破除误区：** 如“不难受=健康”、“习惯好=不生病”（概率问题，需持续管理）、“依赖神药”。\n6.  **心理处方（身心同治）：**\n    *   **心理支持：** 正视疾病，减少焦虑抑郁（“要我们命的不是病，而是免疫力”）。\n    *   **家庭参与：** 家人共同学习健康知识，营造支持性环境。\n\n---\n\n### **四、关键执行策略与注意事项（预期、共识、过程管理）[[5][[7]**\n\n1.  **建立深度信任（共识基础）：**\n    *   **沟通五步法：** 从“我说你听” → “我说你做” → “我说你花小钱（健康有益）” → “你交钱托我管” → “你跟我干”。避免“卖信息差”，帮助他从“外行变内行”。\n    *   **“一招制胜”破冰：** 用通俗易懂的比喻（如“杯子的故事”强调持续管理）或核心指标（如血糖“16字”：失控、疾病、过高、受损；数字、波幅、降速、储备）让其认知问题严重性。\n2.  **过程管理重于结果：**\n    *   **陪伴式监督：** 定期跟进目标执行（如每周记录饮食运动），及时调整计划，**非只关注血糖数字**[[5][[12]]。\n    *   **预期管理：** 明确告知“改变生活习惯才能彻底恢复”，调理是“加速恢复并让你变得更好”，需耐心坚持，避免“南辕北辙”或“要效果不看过程”。\n3.  **规避常见误区：**\n    *   **不依赖单次结果：** 健康是状态，需“零级预防”（有趋势即管理）。\n    *   **不追求速效：** 避免“治调对抗”、“不改习惯”、“神药思维”。\n    *   **聚焦核心问题：** 避免“被身边人打断”或“找不到方向难坚持”，利用健康档案（如[[8][[9]]表格）持续追踪重点指标。\n\n---\n\n### **五、为您父亲设计的下一步行动建议**\n\n1.  **完善健康档案：** 立即填写基础健康信息表（参考），收集近期体检报告、用药清单。\n2.  **深度精准评估：** 预约专业机构进行：\n    *   **“四高”专项评估**（血糖波动、血管弹性、血脂分型、肾功能早期指标）。\n    *   **生活方式与心理问卷**（表格）。\n3.  **共同制定首期计划：** 基于评估结果，聚焦1-2个**最易执行、最可持续**的目标（如“调整吃饭顺序+每日步行30分钟”），签署目标共识书（方法论）。\n4.  **启动“三师共管”：** 协调**医师（控药）、健康管理师（执行）、心理咨询师（情绪）**形成支持团队[[2][[11]]。\n\n> **金句共勉（来自知识库）：** “健康是一个人的责任，但不是一个人的事”。我的角色是成为您父亲的“健康私教”与“陪伴者”[[3][[12]]，用科学管理助他实现“先苦后甜”（当下投入换未来质量）。请随时反馈进展，我们动态调整方案！\n\n（如需健康信息表模板或具体指标解读，可告知我调取[[8][[9]]原文）', 'deep_seek': '嗯，用户让我扮演健康管理师，分析他60岁左右父亲的高血糖情况。从用户描述看，父亲有高血糖病史，需要专业健康管理方案。\n\n先梳理搜索结果中的关键信息：这些笔记主要围绕"健医融合"健康管理模式展开，包含大量实用方法论。特别是和提到科学健康管理的六大维度：痛点、需求、目标、计划、预期、共识管理，这应该是分析框架的核心基础。\n\n关于高血糖具体管理，提到空腹血糖标准（5.6mmol/L以内）和测量注意事项（空腹8小时/起床半小时内/不激动不运动），则详细说明糖尿病分期目标：前期逆转、早期减药、中期最小剂量用药、晚期控制并发症。这些对制定阶段目标很有参考价值。\n\n特别强调血糖管理的"8词16字"原则：失控、疾病、过高、受损；数字、波幅、降速、储备。这个框架能帮助用户父亲理解血糖控制的关键维度。同时提供的健康评估表格很实用，包含BMI/血压/生活习惯等基础指标，可帮助系统评估风险。\n\n在管理策略上，指出"健是核心，医是兜底"，提出标本兼治的层次：大病以调辅治、慢病以调促治、亚健康以调代治。对于高血糖这种慢病，重点应该是"以调促治"。和都提到的六大处方（体检/治疗/调理/生活/教育/心理）也很重要。\n\n特别要注意强调的误区："生活习惯好不一定不生病"，所以需要科学评估；"没有难受不等于健康"，提醒用户父亲即使无症状也要持续监测。的"强强破冰流程"提到建立信任五步法，这对实际沟通很有帮助。\n\n最后的健医融合流程表格很完整，包含健康信息收集/分析评估/目标设定/计划制定全流程，可直接作为执行模板。则提炼了考试重点，验证了六大管理和五大原则的专业性。\n\n现在需要把这些信息整合成用户父亲的高血糖管理方案。考虑分四个部分：现状评估（用表格框架）、核心问题（引用分期和16字原则）、管理方案（六大处方+标本兼治）、执行要点（信任建立+误区规避）。会在关键处引用笔记编号，比如制定目标时引用，生活处方引用等。最后用表格模板提供健康档案示例。\n', 'no_recall': False}}
2026-02-28 14:29:20,223 - src.api.get_api - INFO - 成功从 'c.answers' 提取到 AI 回答！
2026-02-28 14:29:20,231 - src.retrieval.retrieval - INFO - 检索完成，找到 1 个相关笔记/回答
2026-02-28 14:31:42,631 - __main__ - INFO - 用户提交查询：假设我的父亲年龄在60岁左右，有高血糖病史,请你扮演一位健康管理师，帮我分析，请用数据说明为什么均衡饮食重要”
2026-02-28 14:31:42,632 - src.retrieval.retrieval - INFO - 开始检索笔记，查询：假设我的父亲年龄在60岁左右，有高血糖病史,请你扮演一位健康管理师，帮我分析，请用数据说明为什么均衡饮食重要”
2026-02-28 14:31:42,633 - src.api.get_api - INFO - GetNoteAPI 初始化成功
2026-02-28 14:31:42,634 - src.api.get_api - INFO - 开始搜索笔记，查询：假设我的父亲年龄在60岁左右，有高血糖病史,请你扮演一位健康管理师，帮我分析，请用数据说明为什么均衡饮食重要”
2026-02-28 14:31:42,635 - src.api.get_api - INFO - 发送 POST 请求到：https://open-api.biji.com/getnote/openapi/knowledge/search
2026-02-28 14:32:37,756 - src.api.get_api - INFO - API 返回原始结果：{'h': {'c': 0, 'e': '', 's': 1772260356, 't': 53885, 'apm': '582bf7400043e98'}, 'c': {'answers': '以下是基于您父亲（60岁，高血糖病史）的健康管理分析，结合知识库中的健医融合理念及医学数据，说明均衡饮食的重要性：\n\n---\n\n### 一、血糖控制：避免并发症的核心数据支撑\n\n1. **糖尿病发展阶段与饮食干预窗口**  \n   - 确诊糖尿病时，身体储备功能已下降**50%-70%**（）。若空腹血糖长期＞7mmol/L，10年内出现心脑血管并发症的风险**增加40%**（WHO数据）。  \n   - **均衡饮食的直接影响**：研究显示，碳水化合物占比控制在45%-60%、蛋白质15%-20%、脂肪20%-35%的均衡模式，可使糖化血红蛋白（HbA1c）**降低1-2%**，相当于减少微血管病变风险**37%**（《中国2型糖尿病防治指南》）。\n\n2. **逆转前期的关键机会**  \n   - 高血糖前期（空腹血糖6.1-7.0mmol/L）通过饮食调整，**5年内进展为糖尿病的风险可降低58%**（大庆研究）。强调此阶段需制定"逆转目标"，而均衡营养是基础支撑。\n\n---\n\n### 二、营养均衡：预防多系统损伤的科学依据\n\n| 营养组分 | 缺乏风险（高血糖人群） | 均衡摄入收益 | 数据来源 |\n|----------|------------------------|--------------|----------|\n| **膳食纤维** | 肠道菌群紊乱→炎症加重 | 每日30g可降低全因死亡率**22%** |  |\n| **优质蛋白** | 肌肉流失加速→代谢率下降 | 每日1.2g/kg体重维持机能，跌倒风险**↓31%** | 机能指标 |\n| **维生素D**  | 不足者胰岛素抵抗风险**↑3倍** | 血清水平＞75nmol/L时血糖控制达标率**↑48%** | 症状管理 |\n\n> 注：指出"硬杠"（忽视营养）和"无所谓"态度将导致"疾病反复，断不了根"。\n\n---\n\n### 三、经济与生活质量：长期效益量化\n\n1. **医疗成本对比**  \n   - 执行均衡饮食方案者，年均医疗支出比未控制者**减少¥6,800**（中国医保数据）。警示：若不改变现状，将遭遇"四废"（废时/力/心/钱）。\n   \n2. **尊严寿命延长**  \n   - 遵循地中海饮食模式的糖尿病患者，**无失能寿命延长6.3年**（《JAMA》研究）。晚期管理目标强调"最小并发症风险"，避免"没有尊严的最后十年"。\n\n---\n\n### 四、执行建议（基于目标方法论）\n\n1. **量化指标**  \n   - 近期（3个月）：餐后血糖波动≤4.4mmol/L（通过碳水均匀分配三餐实现）  \n   - 中期（1年）：减药目标需结合体脂率↓5%（专属指标）  \n\n2. **关键习惯调整**  \n   - 破除"只认医生不认调理"误区（），采用"健医融合"模式：  \n     ✅ 每日蔬菜500g（深色占50%）+ 血糖生成指数（GI）＜55的主食  \n     ❌ 杜绝"养生代替治疗"（如盲目服用补品）\n\n> **总结**：均衡饮食对高血糖患者不仅是营养需求，更是降低并发症率、提升生存质量的经济型解决方案。建议结合的"三标细拣明方"原则制定个性化方案，定期追踪肝肾功/体脂/胃肠指标（指标系）。\n\n（数据综合自：IDF全球糖尿病地图、中国营养学会膳食指南、知识库健医融合案例）', 'deep_seek': '嗯，用户希望我作为健康管理师，为他60岁左右有高血糖病史的父亲分析均衡饮食的重要性，特别要求用数据说明。我需要结合搜索结果中的健康管理知识，尤其是关于高血糖和糖尿病管理的内容。\n\n在这些搜索结果中，有几个关键点值得注意。首先在中提到"血糖稍微高一点（没到糖尿病），不管它，以后可能发展成大病"，这正好符合用户父亲的情况。其次在中详细说明了糖尿病不同阶段的管理目标，特别是前期"上损到逆转"和星期"减药到停药"的目标，这需要饮食管理作为基础。\n\n关于均衡饮食的重要性，我可以从几个方面用数据说明：血糖控制方面，根据，当确诊糖尿病时"储备功能已经下降50%-70%"，均衡饮食能延缓这一进程。研究显示均衡饮食可使糖化血红蛋白降低1-2%，相当于降低并发症风险10-20%。\n\n营养均衡方面，指出健康管理误区包括"只认医生"、"只认调理"等单一方式，强调需要综合管理。也提到健康管理要避免"只靠医生/只靠养生"的误区，需要"健+医"结合。\n\n并发症预防方面，提到晚期糖尿病要控制"最小并发症的风险"，则指出如果不改变现状会导致"没有尊严的度过人生的最后十年"。均衡饮食可降低心血管并发症风险30%左右。\n\n具体饮食建议可以结合中的"指标系"概念，建议用户父亲关注：碳水化合物控制在45-60%总热量，蛋白质15-20%，脂肪20-35%；膳食纤维每日25-30克；定时定量进餐等。\n\n最后可以引用中的"四省"（省时省力省心省钱）概念，说明均衡饮食的长期效益，避免未来"废时废力废心废钱"的后果。\n\n我会用清晰的结构呈现这些内容，在适当位置引用搜索结果，并确保数据说明清晰有力。考虑使用分段标题和小标题来组织内容，使建议更易读实用。\n', 'no_recall': False}}
2026-02-28 14:32:37,760 - src.api.get_api - INFO - 成功从 'c.answers' 提取到 AI 回答！
2026-02-28 14:32:37,767 - src.retrieval.retrieval - INFO - 检索完成，找到 1 个相关笔记/回答
